<?xml version="1.0" encoding="UTF-8"?>
<!-- Generated by org.testng.reporters.JUnitReportReporter -->
<testsuite name="stepDefination.APIStepDefination" tests="1" time="7.361" ignored="0" failures="0" timestamp="04 Apr 2020 12:45:26 GMT" skipped="0" hostname="admin-PC" errors="0">
  <testcase name="getTheAPIResponce" time="7.361" classname="stepDefination.APIStepDefination"/>
</testsuite> <!-- stepDefination.APIStepDefination -->
