<?xml version="1.0" encoding="UTF-8"?>
<!-- Generated by org.testng.reporters.JUnitReportReporter -->
<testsuite skipped="0" hostname="admin-PC" name="testcases.demoTC" tests="1" failures="0" timestamp="26 Mar 2020 07:56:44 GMT" time="18.801" errors="0">
  <testcase name="TC1" time="18.801" classname="testcases.demoTC"/>
</testsuite> <!-- testcases.demoTC -->
